<?xml version="1.0" encoding="UTF-8"?>
<!-- Generated by org.testng.reporters.JUnitReportReporter -->
<testsuite hostname="Shafkats-MBP.fios-router.home" failures="0" tests="2" name="com.hrms.tests.TestingAnnotations" time="0.001" errors="0" timestamp="24 Feb 2021 19:21:27 GMT">
  <testcase classname="com.hrms.tests.TestingAnnotations" name="testCase1" time="0.000"/>
  <testcase classname="com.hrms.tests.TestingAnnotations" name="testCase2" time="0.001"/>
</testsuite> <!-- com.hrms.tests.TestingAnnotations -->
