<?xml version="1.0" encoding="UTF-8"?>
<!-- Generated by org.testng.reporters.JUnitReportReporter -->
<testsuite hostname="Shafkats-MBP.fios-router.home" failures="0" tests="1" name="com.hrms.tests.openBrowser" time="2.682" errors="0" timestamp="24 Feb 2021 19:21:27 GMT">
  <testcase classname="com.hrms.tests.openBrowser" name="test1" time="2.682"/>
</testsuite> <!-- com.hrms.tests.openBrowser -->
